{"level":"debug","message":"Boot service started","module":"boot","timestamp":"2022-08-18T21:54:10.984Z"}
{"level":"debug","message":"Marketplace service started","module":"marketplace","timestamp":"2022-08-18T21:54:10.990Z"}
{"level":"debug","message":"Player Service started","module":"player","timestamp":"2022-08-18T21:54:10.991Z"}
{"level":"debug","message":"Call service started","module":"calls","timestamp":"2022-08-18T21:54:10.992Z"}
{"level":"debug","message":"Messages service started","module":"messages","timestamp":"2022-08-18T21:54:10.993Z"}
{"level":"debug","message":"Notes service started","module":"notes","timestamp":"2022-08-18T21:54:10.993Z"}
{"level":"debug","message":"Contacts service started","module":"contact","timestamp":"2022-08-18T21:54:10.993Z"}
{"level":"debug","message":"Photo service started","module":"photo","timestamp":"2022-08-18T21:54:10.994Z"}
{"level":"debug","message":"Twitter service started","module":"twitter","timestamp":"2022-08-18T21:54:10.994Z"}
{"level":"debug","message":"Match service started","module":"match","timestamp":"2022-08-18T21:54:10.995Z"}
{"level":"debug","message":"Beginning database schema validation","module":"boot","timestamp":"2022-08-18T21:54:21.768Z"}
{"level":"info","message":"Successfully started","timestamp":"2022-08-18T21:54:21.781Z"}
{"level":"info","message":"Executed query (SHOW TABLES WHERE `Tables_in_hayalet-temel`LIKE ? [\"players\"]) in 116.4304ms'","module":"DBInterface","timestamp":"2022-08-18T21:54:21.885Z"}
{"level":"info","message":"Executed query (SHOW COLUMNS IN players []) in 15.0116ms'","module":"DBInterface","timestamp":"2022-08-18T21:54:21.900Z"}
{"level":"debug","message":"Database schema successfully validated","module":"boot","timestamp":"2022-08-18T21:54:21.900Z"}
{"level":"debug","message":"Checking for missing framework dependencies","module":"boot","timestamp":"2022-08-18T21:54:21.901Z"}
{"level":"debug","message":"No missing dependencies were detected","module":"boot","timestamp":"2022-08-18T21:54:21.901Z"}
{"level":"debug","message":"Boot service started","module":"boot","timestamp":"2022-08-18T21:55:39.348Z"}
{"level":"debug","message":"Marketplace service started","module":"marketplace","timestamp":"2022-08-18T21:55:39.355Z"}
{"level":"debug","message":"Player Service started","module":"player","timestamp":"2022-08-18T21:55:39.355Z"}
{"level":"debug","message":"Call service started","module":"calls","timestamp":"2022-08-18T21:55:39.357Z"}
{"level":"debug","message":"Messages service started","module":"messages","timestamp":"2022-08-18T21:55:39.357Z"}
{"level":"debug","message":"Notes service started","module":"notes","timestamp":"2022-08-18T21:55:39.358Z"}
{"level":"debug","message":"Contacts service started","module":"contact","timestamp":"2022-08-18T21:55:39.358Z"}
{"level":"debug","message":"Photo service started","module":"photo","timestamp":"2022-08-18T21:55:39.358Z"}
{"level":"debug","message":"Twitter service started","module":"twitter","timestamp":"2022-08-18T21:55:39.359Z"}
{"level":"debug","message":"Match service started","module":"match","timestamp":"2022-08-18T21:55:39.360Z"}
{"level":"debug","message":"Beginning database schema validation","module":"boot","timestamp":"2022-08-18T21:55:40.796Z"}
{"level":"info","message":"Successfully started","timestamp":"2022-08-18T21:55:40.807Z"}
{"level":"info","message":"Executed query (SHOW TABLES WHERE `Tables_in_hayalet-temel`LIKE ? [\"players\"]) in 83.7446ms'","module":"DBInterface","timestamp":"2022-08-18T21:55:40.881Z"}
{"level":"info","message":"Executed query (SHOW COLUMNS IN players []) in 11.2245ms'","module":"DBInterface","timestamp":"2022-08-18T21:55:40.892Z"}
{"level":"debug","message":"Database schema successfully validated","module":"boot","timestamp":"2022-08-18T21:55:40.892Z"}
{"level":"debug","message":"Checking for missing framework dependencies","module":"boot","timestamp":"2022-08-18T21:55:40.893Z"}
{"level":"debug","message":"No missing dependencies were detected","module":"boot","timestamp":"2022-08-18T21:55:40.893Z"}
{"level":"silly","message":"netPromise > npwd:getAuthToken > RequestObj","module":"events","timestamp":"2022-08-18T21:58:06.292Z"}
{"level":"silly","message":{"source":1},"module":"events","timestamp":"2022-08-18T21:58:06.292Z"}
{"level":"silly","message":"Response Promise Event npwd:getAuthToken:e5d77bf2-2085-4d0f-91ee-c8378c69b1fd (0.7807ms), Data >>","module":"events","timestamp":"2022-08-18T21:58:06.293Z"}
{"level":"silly","message":{"data":"none","status":"ok"},"module":"events","timestamp":"2022-08-18T21:58:06.294Z"}
{"level":"info","message":"New NPWD Player added through event (1) (EZK23790)","module":"player","timestamp":"2022-08-18T21:58:38.799Z"}
{"level":"debug","message":{"_firstname":"Hayalet","_identifier":"EZK23790","_lastname":"Sarı","_phoneNumber":"8581787919","source":1,"username":"Hayalet"},"module":"player","timestamp":"2022-08-18T21:58:38.799Z"}
{"level":"silly","message":"netPromise > npwd:getOrCreateTwitterProfile > RequestObj","module":"events","timestamp":"2022-08-18T21:58:38.865Z"}
{"level":"silly","message":{"data":null,"source":1},"module":"events","timestamp":"2022-08-18T21:58:38.865Z"}
{"level":"silly","message":"netPromise > npwd:fetchTweets > RequestObj","module":"events","timestamp":"2022-08-18T21:58:38.866Z"}
{"level":"silly","message":{"data":{"pageId":0},"source":1},"module":"events","timestamp":"2022-08-18T21:58:38.866Z"}
{"level":"info","message":"Executed query (\n        SELECT *\n        FROM npwd_twitter_profiles\n        WHERE identifier = ?\n        LIMIT 1\n\t\t [\"EZK23790\"]) in 3.7855ms'","module":"DBInterface","timestamp":"2022-08-18T21:58:38.869Z"}
{"level":"info","message":"Creating default Twitter profile Hayalet_Sar for EZK23790","module":"twitter","timestamp":"2022-08-18T21:58:38.870Z"}
{"level":"info","message":"Executed query (\n        SELECT *\n        FROM npwd_twitter_profiles\n        WHERE identifier = ?\n        LIMIT 1\n\t\t [\"EZK23790\"]) in 6.6709ms'","module":"DBInterface","timestamp":"2022-08-18T21:58:38.873Z"}
{"level":"info","message":"Executed query (\n        SELECT *\n        FROM npwd_twitter_profiles\n        WHERE identifier = ?\n        LIMIT 1\n\t\t [\"EZK23790\"]) in 0.9099ms'","module":"DBInterface","timestamp":"2022-08-18T21:58:38.928Z"}
{"level":"silly","message":"Response Promise Event npwd:getOrCreateTwitterProfile:3c2d5941-d02f-44eb-9f67-292617977200 (63.738ms), Data >>","module":"events","timestamp":"2022-08-18T21:58:38.929Z"}
{"level":"silly","message":{"data":{"avatar_url":"https://i.file.glass/QrEvq.png","createdAt":"2022-08-18T21:58:38.000Z","id":1,"identifier":"EZK23790","profile_name":"Hayalet_Sar","updatedAt":"2022-08-18T21:58:38.000Z"},"status":"ok"},"module":"events","timestamp":"2022-08-18T21:58:38.929Z"}
{"level":"info","message":"Executed query (\n        SELECT \n  npwd_twitter_tweets.id,\n  npwd_twitter_tweets.identifier,\n  npwd_twitter_profiles.id AS profile_id,\n  npwd_twitter_profiles.profile_name,\n  npwd_twitter_profiles.avatar_url,\n  npwd_twitter_tweets.likes,\n  npwd_twitter_tweets.visible,\n  IFNULL(COALESCE(retweets.message, npwd_twitter_tweets.message), '') AS message,\n  IFNULL(COALESCE(retweets.images, npwd_twitter_tweets.images), '') AS images,\n  npwd_twitter_tweets.retweet IS NOT NULL AS isRetweet,\n  retweets.id AS retweetId,\n  retweets_profiles.profile_name AS retweetProfileName,\n  retweets_profiles.avatar_url AS retweetAvatarUrl,\n  npwd_twitter_likes.id IS NOT NULL AS isLiked,\n  npwd_twitter_reports.id IS NOT NULL AS isReported,\n  npwd_twitter_tweets.createdAt,\n  npwd_twitter_tweets.updatedAt,\n  TIME_TO_SEC(TIMEDIFF( NOW(), npwd_twitter_tweets.createdAt)) AS seconds_since_tweet\n\n        FROM npwd_twitter_tweets\n                 LEFT OUTER JOIN npwd_twitter_profiles\n                                 ON npwd_twitter_tweets.identifier = npwd_twitter_profiles.identifier\n                 LEFT OUTER JOIN npwd_twitter_likes ON npwd_twitter_tweets.id = npwd_twitter_likes.tweet_id AND\n                                                       npwd_twitter_likes.profile_id = ?\n                 LEFT OUTER JOIN npwd_twitter_reports ON npwd_twitter_tweets.id = npwd_twitter_reports.tweet_id AND\n                                                         npwd_twitter_reports.profile_id = ?\n                 LEFT OUTER JOIN npwd_twitter_tweets AS retweets ON retweets.id = npwd_twitter_tweets.retweet\n                 LEFT OUTER JOIN npwd_twitter_profiles AS retweets_profiles\n                                 ON retweets.identifier = retweets_profiles.identifier\n        WHERE npwd_twitter_tweets.visible = 1\n        ORDER BY id DESC\n        LIMIT ? OFFSET ?\n\t\t [1,1,\"25\",\"0\"]) in 77.3114ms'","module":"DBInterface","timestamp":"2022-08-18T21:58:38.951Z"}
{"level":"silly","message":"Response Promise Event npwd:fetchTweets:e6379ad1-23b9-464e-9544-7988dac61a41 (85.2225ms), Data >>","module":"events","timestamp":"2022-08-18T21:58:38.952Z"}
{"level":"silly","message":{"data":[],"status":"ok"},"module":"events","timestamp":"2022-08-18T21:58:38.952Z"}
{"level":"silly","message":"netPromise > phone:getMyProfile > RequestObj","module":"events","timestamp":"2022-08-18T21:58:39.015Z"}
{"level":"silly","message":{"data":null,"source":1},"module":"events","timestamp":"2022-08-18T21:58:39.015Z"}
{"level":"silly","message":"netPromise > npwd:fetchMessageGroups > RequestObj","module":"events","timestamp":"2022-08-18T21:58:39.016Z"}
{"level":"silly","message":{"data":null,"source":1},"module":"events","timestamp":"2022-08-18T21:58:39.016Z"}
{"level":"silly","message":"netPromise > npwd:getContacts > RequestObj","module":"events","timestamp":"2022-08-18T21:58:39.016Z"}
{"level":"silly","message":{"data":null,"source":1},"module":"events","timestamp":"2022-08-18T21:58:39.016Z"}
{"level":"info","message":"Executed query (\n        SELECT *,\n               UNIX_TIMESTAMP(updatedAt) AS lastActive\n        FROM npwd_match_profiles\n        WHERE identifier = ?\n        LIMIT 1\n\t\t [\"EZK23790\"]) in 4.4176ms'","module":"DBInterface","timestamp":"2022-08-18T21:58:39.020Z"}
{"level":"info","message":"Creating default match profile Hayalet Sar for EZK23790","module":"match","timestamp":"2022-08-18T21:58:39.020Z"}
{"level":"info","message":"Executed query (SELECT npwd_messages_conversations.id,\n                          npwd_messages_conversations.conversation_list         as conversationList,\n                          npwd_messages_participants.unread_count               as unreadCount,\n                          npwd_messages_conversations.is_group_chat             as isGroupChat,\n                          npwd_messages_conversations.label,\n                          UNIX_TIMESTAMP(npwd_messages_conversations.updatedAt) as updatedAt,\n                          npwd_messages_participants.participant\n                   FROM npwd_messages_conversations\n                            INNER JOIN npwd_messages_participants\n                                       on npwd_messages_conversations.id = npwd_messages_participants.conversation_id\n                   WHERE npwd_messages_participants.participant = ? [\"8581787919\"]) in 5.2734ms'","module":"DBInterface","timestamp":"2022-08-18T21:58:39.021Z"}
{"level":"silly","message":"Response Promise Event npwd:fetchMessageGroups:ee42bc3c-3500-475c-a666-72e8c029d855 (5.8715ms), Data >>","module":"events","timestamp":"2022-08-18T21:58:39.022Z"}
{"level":"silly","message":{"data":[],"status":"ok"},"module":"events","timestamp":"2022-08-18T21:58:39.022Z"}
{"level":"info","message":"Executed query (SELECT * FROM npwd_phone_contacts WHERE identifier = ? ORDER BY display ASC [\"EZK23790\"]) in 7.5307ms'","module":"DBInterface","timestamp":"2022-08-18T21:58:39.024Z"}
{"level":"silly","message":"Response Promise Event npwd:getContacts:569aa681-e9aa-402e-b72f-24c80fe6b0f7 (8.1624ms), Data >>","module":"events","timestamp":"2022-08-18T21:58:39.025Z"}
{"level":"silly","message":{"data":[],"status":"ok"},"module":"events","timestamp":"2022-08-18T21:58:39.025Z"}
{"level":"info","message":"Executed query (\n        SELECT *,\n               UNIX_TIMESTAMP(updatedAt) AS lastActive\n        FROM npwd_match_profiles\n        WHERE identifier = ?\n        LIMIT 1\n\t\t [\"EZK23790\"]) in 2.0777ms'","module":"DBInterface","timestamp":"2022-08-18T21:58:39.028Z"}
{"level":"silly","message":"Response Promise Event phone:getMyProfile:ba7052d3-938d-47af-981e-711bcab75117 (13.7513ms), Data >>","module":"events","timestamp":"2022-08-18T21:58:39.029Z"}
{"level":"silly","message":{"data":{"bio":"","createdAt":"2022-08-18T21:58:39.000Z","id":1,"identifier":"EZK23790","image":"https://upload.wikimedia.org/wikipedia/commons/a/ac/No_image_available.svg","job":"","lastActive":1660859919,"lastActiveFormatted":"Thu, 18 Aug 2022 21:58:39 GMT","location":"","name":"Hayalet Sar","tagList":[],"tags":"","updatedAt":"2022-08-18T21:58:39.000Z","viewed":false},"status":"ok"},"module":"events","timestamp":"2022-08-18T21:58:39.029Z"}
{"level":"silly","message":"netPromise > npwd:fetchCalls > RequestObj","module":"events","timestamp":"2022-08-18T22:00:37.023Z"}
{"level":"silly","message":{"data":null,"source":1},"module":"events","timestamp":"2022-08-18T22:00:37.023Z"}
{"level":"info","message":"Executed query (SELECT * FROM npwd_calls WHERE receiver = ? OR transmitter = ? ORDER BY id DESC LIMIT ? [\"8581787919\",\"8581787919\",\"50\"]) in 2.6055ms'","module":"DBInterface","timestamp":"2022-08-18T22:00:37.026Z"}
{"level":"silly","message":"Response Promise Event npwd:fetchCalls:733da873-0fe8-4d98-b11e-dd5c0b99198b (3.4845ms), Data >>","module":"events","timestamp":"2022-08-18T22:00:37.027Z"}
{"level":"silly","message":{"data":[],"status":"ok"},"module":"events","timestamp":"2022-08-18T22:00:37.027Z"}
{"level":"silly","message":"netPromise > npwd:createTweet > RequestObj","module":"events","timestamp":"2022-08-18T22:01:39.657Z"}
{"level":"silly","message":{"data":{"images":"","message":"sasa","retweet":null},"source":1},"module":"events","timestamp":"2022-08-18T22:01:39.658Z"}
{"level":"info","message":"Executed query (\n        SELECT *\n        FROM npwd_twitter_profiles\n        WHERE identifier = ?\n        LIMIT 1\n\t\t [\"EZK23790\"]) in 1.2635ms'","module":"DBInterface","timestamp":"2022-08-18T22:01:39.659Z"}
{"level":"info","message":"Executed query (\n        INSERT INTO npwd_twitter_tweets (identifier, message, images, retweet, profile_id)\n        VALUES (?, ?, ?, ?, ?)\n\t\t [\"EZK23790\",\"sasa\",\"\",null,1]) in 5.9097ms'","module":"DBInterface","timestamp":"2022-08-18T22:01:39.666Z"}
{"level":"info","message":"Executed query (\n        SELECT \n  npwd_twitter_tweets.id,\n  npwd_twitter_tweets.identifier,\n  npwd_twitter_profiles.id AS profile_id,\n  npwd_twitter_profiles.profile_name,\n  npwd_twitter_profiles.avatar_url,\n  npwd_twitter_tweets.likes,\n  npwd_twitter_tweets.visible,\n  IFNULL(COALESCE(retweets.message, npwd_twitter_tweets.message), '') AS message,\n  IFNULL(COALESCE(retweets.images, npwd_twitter_tweets.images), '') AS images,\n  npwd_twitter_tweets.retweet IS NOT NULL AS isRetweet,\n  retweets.id AS retweetId,\n  retweets_profiles.profile_name AS retweetProfileName,\n  retweets_profiles.avatar_url AS retweetAvatarUrl,\n  npwd_twitter_likes.id IS NOT NULL AS isLiked,\n  npwd_twitter_reports.id IS NOT NULL AS isReported,\n  npwd_twitter_tweets.createdAt,\n  npwd_twitter_tweets.updatedAt,\n  TIME_TO_SEC(TIMEDIFF( NOW(), npwd_twitter_tweets.createdAt)) AS seconds_since_tweet\n\n        FROM npwd_twitter_tweets\n                 LEFT OUTER JOIN npwd_twitter_likes ON npwd_twitter_tweets.id = npwd_twitter_likes.tweet_id AND\n                                                       npwd_twitter_likes.profile_id = ?\n                 LEFT OUTER JOIN npwd_twitter_reports ON npwd_twitter_tweets.id = npwd_twitter_reports.tweet_id AND\n                                                         npwd_twitter_reports.profile_id = ?\n                 LEFT OUTER JOIN npwd_twitter_tweets AS retweets ON retweets.id = npwd_twitter_tweets.retweet\n                 LEFT OUTER JOIN npwd_twitter_profiles AS retweets_profiles\n                                 ON retweets.identifier = retweets_profiles.identifier\n                 LEFT OUTER JOIN npwd_twitter_profiles\n                                 ON npwd_twitter_tweets.identifier = npwd_twitter_profiles.identifier\n        WHERE npwd_twitter_tweets.id = ?\n\t\t [1,1,1]) in 3.5899ms'","module":"DBInterface","timestamp":"2022-08-18T22:01:39.670Z"}
{"level":"silly","message":"Response Promise Event npwd:createTweet:14fff790-6963-42d0-9118-0f83f24aac34 (12.4931ms), Data >>","module":"events","timestamp":"2022-08-18T22:01:39.670Z"}
{"level":"silly","message":{"status":"ok"},"module":"events","timestamp":"2022-08-18T22:01:39.670Z"}
{"level":"silly","message":"netPromise > phone:getMatchProfiles > RequestObj","module":"events","timestamp":"2022-08-18T22:01:54.932Z"}
{"level":"silly","message":{"data":null,"source":1},"module":"events","timestamp":"2022-08-18T22:01:54.933Z"}
{"level":"info","message":"Executed query (\n        SELECT npwd_match_profiles.*,\n               UNIX_TIMESTAMP(npwd_match_profiles.updatedAt) AS lastActive,\n               MaxDates.lastSeen\n        FROM npwd_match_profiles\n                 LEFT OUTER JOIN (\n            SELECT id, profile, MAX(createdAt) AS lastSeen\n            FROM npwd_match_views\n            WHERE identifier = ?\n            GROUP BY id, profile\n        ) AS MaxDates ON npwd_match_profiles.id = MaxDates.profile\n        WHERE npwd_match_profiles.identifier != ?\n          AND (MaxDates.lastSeen IS NULL OR MaxDates.lastSeen < NOW() - INTERVAL 7 DAY)\n        ORDER BY npwd_match_profiles.updatedAt DESC\n        LIMIT 25\n\t\t [\"EZK23790\",\"EZK23790\"]) in 6.4507ms'","module":"DBInterface","timestamp":"2022-08-18T22:01:54.940Z"}
{"level":"silly","message":"Response Promise Event phone:getMatchProfiles:96301834-e3c6-4b91-b430-2d78e3c8fe09 (7.4718ms), Data >>","module":"events","timestamp":"2022-08-18T22:01:54.940Z"}
{"level":"silly","message":{"data":[],"status":"ok"},"module":"events","timestamp":"2022-08-18T22:01:54.940Z"}
{"level":"silly","message":"netPromise > phone:getMatches > RequestObj","module":"events","timestamp":"2022-08-18T22:01:58.664Z"}
{"level":"silly","message":{"data":{"page":0},"source":1},"module":"events","timestamp":"2022-08-18T22:01:58.664Z"}
{"level":"info","message":"Executed query (\n        SELECT targetProfile.*,\n               UNIX_TIMESTAMP(targetProfile.updatedAt)                                     AS lastActive,\n               UNIX_TIMESTAMP(GREATEST(npwd_match_views.createdAt, targetViews.createdAt)) AS matchedAt,\n               targetUser.phone_number                             AS phoneNumber\n        FROM npwd_match_views\n                 LEFT OUTER JOIN npwd_match_profiles AS targetProfile ON npwd_match_views.profile = targetProfile.id\n                 LEFT OUTER JOIN npwd_match_profiles AS myProfile ON npwd_match_views.identifier = myProfile.identifier\n                 LEFT OUTER JOIN npwd_match_views AS targetViews\n                                 ON targetProfile.identifier = targetViews.identifier AND\n                                    targetViews.profile = myProfile.id\n                 LEFT OUTER JOIN players AS targetUser ON targetProfile.identifier = targetUser.citizenid\n        WHERE npwd_match_views.identifier = ?\n          AND npwd_match_views.liked = 1\n          AND targetViews.liked = 1\n        ORDER BY matchedAt DESC\n        LIMIT ? OFFSET ?\n\t\t [\"EZK23790\",\"20\",\"0\"]) in 3.4124ms'","module":"DBInterface","timestamp":"2022-08-18T22:01:58.668Z"}
{"level":"silly","message":"Response Promise Event phone:getMatches:8e299998-ee65-4623-a823-40bae3658cf0 (4.4132ms), Data >>","module":"events","timestamp":"2022-08-18T22:01:58.668Z"}
{"level":"silly","message":{"data":[],"status":"ok"},"module":"events","timestamp":"2022-08-18T22:01:58.668Z"}
{"level":"silly","message":"netPromise > phone:getMatches > RequestObj","module":"events","timestamp":"2022-08-18T22:01:58.714Z"}
{"level":"silly","message":{"data":{"page":0},"source":1},"module":"events","timestamp":"2022-08-18T22:01:58.714Z"}
{"level":"silly","message":"Response Promise Event phone:getMatches:16ab61a3-3da4-4f35-9483-d35689f0ec48 (0.2683ms), Data >>","module":"events","timestamp":"2022-08-18T22:01:58.714Z"}
{"level":"silly","message":{"errorMsg":"ERROR_RATE_LIMITED","status":"error"},"module":"events","timestamp":"2022-08-18T22:01:58.714Z"}
{"level":"silly","message":"netPromise > npwd:fetchAllListings > RequestObj","module":"events","timestamp":"2022-08-18T22:02:01.137Z"}
{"level":"silly","message":{"data":null,"source":1},"module":"events","timestamp":"2022-08-18T22:02:01.138Z"}
{"level":"info","message":"Executed query (SELECT * FROM npwd_marketplace_listings WHERE reported = 0 ORDER BY id DESC []) in 3.5628ms'","module":"DBInterface","timestamp":"2022-08-18T22:02:01.142Z"}
{"level":"silly","message":"Response Promise Event npwd:fetchAllListings:a8f5f47a-9b9d-4d77-84df-63e404c8aaa7 (4.897ms), Data >>","module":"events","timestamp":"2022-08-18T22:02:01.142Z"}
{"level":"silly","message":{"data":[],"status":"ok"},"module":"events","timestamp":"2022-08-18T22:02:01.142Z"}
{"level":"silly","message":"netPromise > npwd:addListing > RequestObj","module":"events","timestamp":"2022-08-18T22:02:06.643Z"}
{"level":"silly","message":{"data":{"description":"sasas","title":"Sa","url":""},"source":1},"module":"events","timestamp":"2022-08-18T22:02:06.643Z"}
{"level":"debug","message":"Handling add listing, listing:","module":"marketplace","timestamp":"2022-08-18T22:02:06.644Z"}
{"level":"debug","message":{"description":"sasas","title":"Sa","url":""},"module":"marketplace","timestamp":"2022-08-18T22:02:06.644Z"}
{"level":"info","message":"Executed query (SELECT * FROM npwd_marketplace_listings WHERE title = ? AND identifier = ? [\"Sa\",\"EZK23790\"]) in 1.6131ms'","module":"DBInterface","timestamp":"2022-08-18T22:02:06.646Z"}
{"level":"info","message":"Executed query (INSERT INTO npwd_marketplace_listings (identifier, username, name, number, title, url, description) VALUES (?, ?, ?, ?, ?, ?, ?) [\"EZK23790\",\"Hayalet\",\"Hayalet Sarı\",\"8581787919\",\"Sa\",\"\",\"sasas\"]) in 4.7968ms'","module":"DBInterface","timestamp":"2022-08-18T22:02:06.651Z"}
{"level":"silly","message":"Response Promise Event npwd:addListing:85a7eb6d-5e5c-48e3-bf2e-f20b568b2eb4 (8.2649ms), Data >>","module":"events","timestamp":"2022-08-18T22:02:06.651Z"}
{"level":"silly","message":{"status":"ok"},"module":"events","timestamp":"2022-08-18T22:02:06.652Z"}
{"level":"silly","message":"netPromise > npwd:marketplaceDeleteListing > RequestObj","module":"events","timestamp":"2022-08-18T22:02:13.409Z"}
{"level":"silly","message":{"data":{"id":1},"source":1},"module":"events","timestamp":"2022-08-18T22:02:13.410Z"}
{"level":"info","message":"Executed query (DELETE FROM npwd_marketplace_listings WHERE id = ? AND identifier = ? [1,\"EZK23790\"]) in 5.0282ms'","module":"DBInterface","timestamp":"2022-08-18T22:02:13.415Z"}
{"level":"silly","message":"Response Promise Event npwd:marketplaceDeleteListing:fbeab4c4-deaa-41f0-86c5-381c9119f7e7 (5.7836ms), Data >>","module":"events","timestamp":"2022-08-18T22:02:13.415Z"}
{"level":"silly","message":{"status":"ok"},"module":"events","timestamp":"2022-08-18T22:02:13.415Z"}
{"level":"silly","message":"netPromise > npwd:FetchPhotos > RequestObj","module":"events","timestamp":"2022-08-18T22:02:17.445Z"}
{"level":"silly","message":{"data":null,"source":1},"module":"events","timestamp":"2022-08-18T22:02:17.447Z"}
{"level":"info","message":"Executed query (SELECT id, image FROM npwd_phone_gallery WHERE identifier = ? ORDER BY id DESC [\"EZK23790\"]) in 2.415ms'","module":"DBInterface","timestamp":"2022-08-18T22:02:17.450Z"}
{"level":"silly","message":"Response Promise Event npwd:FetchPhotos:3e6016cb-03c0-4e56-97be-87937694fa96 (5.4641ms), Data >>","module":"events","timestamp":"2022-08-18T22:02:17.450Z"}
{"level":"silly","message":{"data":[],"status":"ok"},"module":"events","timestamp":"2022-08-18T22:02:17.450Z"}
{"level":"silly","message":"netPromise > npwd:fetchAllNotes > RequestObj","module":"events","timestamp":"2022-08-18T22:02:31.121Z"}
{"level":"silly","message":{"data":null,"source":1},"module":"events","timestamp":"2022-08-18T22:02:31.121Z"}
{"level":"info","message":"Executed query (SELECT * FROM npwd_notes WHERE identifier = ? ORDER BY id DESC [\"EZK23790\"]) in 1.4546ms'","module":"DBInterface","timestamp":"2022-08-18T22:02:31.123Z"}
{"level":"silly","message":"Response Promise Event npwd:fetchAllNotes:916a529d-296f-4d13-aa2e-3940402d5f85 (2.1171ms), Data >>","module":"events","timestamp":"2022-08-18T22:02:31.123Z"}
{"level":"silly","message":{"data":[],"status":"ok"},"module":"events","timestamp":"2022-08-18T22:02:31.123Z"}
{"level":"silly","message":"netPromise > npwd:addNote > RequestObj","module":"events","timestamp":"2022-08-18T22:02:34.203Z"}
{"level":"silly","message":{"data":{"content":"sa","title":"sa"},"source":1},"module":"events","timestamp":"2022-08-18T22:02:34.203Z"}
{"level":"debug","message":"Handling add note, note:","module":"notes","timestamp":"2022-08-18T22:02:34.204Z"}
{"level":"debug","message":{"content":"sa","title":"sa"},"module":"notes","timestamp":"2022-08-18T22:02:34.204Z"}
{"level":"info","message":"Executed query (INSERT INTO npwd_notes (identifier, title, content) VALUES (?, ?, ?) [\"EZK23790\",\"sa\",\"sa\"]) in 5.6462ms'","module":"DBInterface","timestamp":"2022-08-18T22:02:34.210Z"}
{"level":"silly","message":"Response Promise Event npwd:addNote:d215f550-b553-4511-b544-7b7ef6431e8f (6.6186ms), Data >>","module":"events","timestamp":"2022-08-18T22:02:34.210Z"}
{"level":"silly","message":{"data":{"content":"sa","id":1,"title":"sa"},"status":"ok"},"module":"events","timestamp":"2022-08-18T22:02:34.210Z"}
{"level":"info","message":"Executed query (SELECT id FROM npwd_marketplace_listings WHERE identifier = ? [\"EZK23790\"]) in 5.1815ms'","module":"DBInterface","timestamp":"2022-08-18T22:14:44.567Z"}
{"level":"info","message":"Executed query (DELETE FROM npwd_marketplace_listings WHERE identifier = ? AND reported = 0 [\"EZK23790\"]) in 0.6674ms'","module":"DBInterface","timestamp":"2022-08-18T22:14:44.568Z"}
{"level":"info","message":"Unloaded NPWD Player, source: (1)","module":"player","timestamp":"2022-08-18T22:14:44.569Z"}
{"level":"debug","message":"Boot service started","module":"boot","timestamp":"2022-08-19T10:12:20.164Z"}
{"level":"debug","message":"Marketplace service started","module":"marketplace","timestamp":"2022-08-19T10:12:20.170Z"}
{"level":"debug","message":"Player Service started","module":"player","timestamp":"2022-08-19T10:12:20.170Z"}
{"level":"debug","message":"Call service started","module":"calls","timestamp":"2022-08-19T10:12:20.172Z"}
{"level":"debug","message":"Messages service started","module":"messages","timestamp":"2022-08-19T10:12:20.172Z"}
{"level":"debug","message":"Notes service started","module":"notes","timestamp":"2022-08-19T10:12:20.172Z"}
{"level":"debug","message":"Contacts service started","module":"contact","timestamp":"2022-08-19T10:12:20.173Z"}
{"level":"debug","message":"Photo service started","module":"photo","timestamp":"2022-08-19T10:12:20.173Z"}
{"level":"debug","message":"Twitter service started","module":"twitter","timestamp":"2022-08-19T10:12:20.174Z"}
{"level":"debug","message":"Match service started","module":"match","timestamp":"2022-08-19T10:12:20.175Z"}
{"level":"debug","message":"Beginning database schema validation","module":"boot","timestamp":"2022-08-19T10:12:27.541Z"}
{"level":"info","message":"Successfully started","timestamp":"2022-08-19T10:12:27.561Z"}
{"level":"info","message":"Executed query (SHOW TABLES WHERE `Tables_in_hayalet-temel`LIKE ? [\"players\"]) in 158.1268ms'","module":"DBInterface","timestamp":"2022-08-19T10:12:27.701Z"}
{"level":"info","message":"Executed query (SHOW COLUMNS IN players []) in 67.908ms'","module":"DBInterface","timestamp":"2022-08-19T10:12:27.770Z"}
{"level":"debug","message":"Database schema successfully validated","module":"boot","timestamp":"2022-08-19T10:12:27.770Z"}
{"level":"debug","message":"Checking for missing framework dependencies","module":"boot","timestamp":"2022-08-19T10:12:27.770Z"}
{"level":"debug","message":"No missing dependencies were detected","module":"boot","timestamp":"2022-08-19T10:12:27.771Z"}
{"level":"debug","message":"Boot service started","module":"boot","timestamp":"2022-08-19T10:18:56.816Z"}
{"level":"debug","message":"Marketplace service started","module":"marketplace","timestamp":"2022-08-19T10:18:56.822Z"}
{"level":"debug","message":"Player Service started","module":"player","timestamp":"2022-08-19T10:18:56.822Z"}
{"level":"debug","message":"Call service started","module":"calls","timestamp":"2022-08-19T10:18:56.824Z"}
{"level":"debug","message":"Messages service started","module":"messages","timestamp":"2022-08-19T10:18:56.825Z"}
{"level":"debug","message":"Notes service started","module":"notes","timestamp":"2022-08-19T10:18:56.825Z"}
{"level":"debug","message":"Contacts service started","module":"contact","timestamp":"2022-08-19T10:18:56.825Z"}
{"level":"debug","message":"Photo service started","module":"photo","timestamp":"2022-08-19T10:18:56.826Z"}
{"level":"debug","message":"Twitter service started","module":"twitter","timestamp":"2022-08-19T10:18:56.826Z"}
{"level":"debug","message":"Match service started","module":"match","timestamp":"2022-08-19T10:18:56.827Z"}
{"level":"debug","message":"Beginning database schema validation","module":"boot","timestamp":"2022-08-19T10:18:58.409Z"}
{"level":"info","message":"Successfully started","timestamp":"2022-08-19T10:18:58.420Z"}
{"level":"info","message":"Executed query (SHOW TABLES WHERE `Tables_in_hayalet-temel`LIKE ? [\"players\"]) in 97.1848ms'","module":"DBInterface","timestamp":"2022-08-19T10:18:58.507Z"}
{"level":"info","message":"Executed query (SHOW COLUMNS IN players []) in 547.9507ms'","module":"DBInterface","timestamp":"2022-08-19T10:18:59.055Z"}
{"level":"debug","message":"Database schema successfully validated","module":"boot","timestamp":"2022-08-19T10:18:59.056Z"}
{"level":"debug","message":"Checking for missing framework dependencies","module":"boot","timestamp":"2022-08-19T10:18:59.056Z"}
{"level":"debug","message":"No missing dependencies were detected","module":"boot","timestamp":"2022-08-19T10:18:59.056Z"}
{"level":"silly","message":"netPromise > npwd:getAuthToken > RequestObj","module":"events","timestamp":"2022-08-19T10:21:19.389Z"}
{"level":"silly","message":{"source":1},"module":"events","timestamp":"2022-08-19T10:21:19.389Z"}
{"level":"silly","message":"Response Promise Event npwd:getAuthToken:d383e569-1281-400e-b0fc-d82f73f93401 (0.7001ms), Data >>","module":"events","timestamp":"2022-08-19T10:21:19.390Z"}
{"level":"silly","message":{"data":"none","status":"ok"},"module":"events","timestamp":"2022-08-19T10:21:19.390Z"}
{"level":"info","message":"New NPWD Player added through event (1) (EZK23790)","module":"player","timestamp":"2022-08-19T10:21:46.350Z"}
{"level":"debug","message":{"_firstname":"Hayalet","_identifier":"EZK23790","_lastname":"Sarı","_phoneNumber":"8581787919","source":1,"username":"Hayalet"},"module":"player","timestamp":"2022-08-19T10:21:46.350Z"}
{"level":"silly","message":"netPromise > npwd:getOrCreateTwitterProfile > RequestObj","module":"events","timestamp":"2022-08-19T10:21:46.430Z"}
{"level":"silly","message":{"data":null,"source":1},"module":"events","timestamp":"2022-08-19T10:21:46.430Z"}
{"level":"silly","message":"netPromise > npwd:fetchTweets > RequestObj","module":"events","timestamp":"2022-08-19T10:21:46.431Z"}
{"level":"silly","message":{"data":{"pageId":0},"source":1},"module":"events","timestamp":"2022-08-19T10:21:46.431Z"}
{"level":"info","message":"Executed query (\n        SELECT *\n        FROM npwd_twitter_profiles\n        WHERE identifier = ?\n        LIMIT 1\n\t\t [\"EZK23790\"]) in 5.9748ms'","module":"DBInterface","timestamp":"2022-08-19T10:21:46.437Z"}
{"level":"silly","message":"Response Promise Event npwd:getOrCreateTwitterProfile:b76830b5-acab-4787-accc-1d1318d6221e (7.0927ms), Data >>","module":"events","timestamp":"2022-08-19T10:21:46.437Z"}
{"level":"silly","message":{"data":{"avatar_url":"https://i.file.glass/QrEvq.png","createdAt":"2022-08-18T21:58:38.000Z","id":1,"identifier":"EZK23790","profile_name":"Hayalet_Sar","updatedAt":"2022-08-18T21:58:38.000Z"},"status":"ok"},"module":"events","timestamp":"2022-08-19T10:21:46.437Z"}
{"level":"info","message":"Executed query (\n        SELECT *\n        FROM npwd_twitter_profiles\n        WHERE identifier = ?\n        LIMIT 1\n\t\t [\"EZK23790\"]) in 7.6394ms'","module":"DBInterface","timestamp":"2022-08-19T10:21:46.439Z"}
{"level":"info","message":"Executed query (\n        SELECT \n  npwd_twitter_tweets.id,\n  npwd_twitter_tweets.identifier,\n  npwd_twitter_profiles.id AS profile_id,\n  npwd_twitter_profiles.profile_name,\n  npwd_twitter_profiles.avatar_url,\n  npwd_twitter_tweets.likes,\n  npwd_twitter_tweets.visible,\n  IFNULL(COALESCE(retweets.message, npwd_twitter_tweets.message), '') AS message,\n  IFNULL(COALESCE(retweets.images, npwd_twitter_tweets.images), '') AS images,\n  npwd_twitter_tweets.retweet IS NOT NULL AS isRetweet,\n  retweets.id AS retweetId,\n  retweets_profiles.profile_name AS retweetProfileName,\n  retweets_profiles.avatar_url AS retweetAvatarUrl,\n  npwd_twitter_likes.id IS NOT NULL AS isLiked,\n  npwd_twitter_reports.id IS NOT NULL AS isReported,\n  npwd_twitter_tweets.createdAt,\n  npwd_twitter_tweets.updatedAt,\n  TIME_TO_SEC(TIMEDIFF( NOW(), npwd_twitter_tweets.createdAt)) AS seconds_since_tweet\n\n        FROM npwd_twitter_tweets\n                 LEFT OUTER JOIN npwd_twitter_profiles\n                                 ON npwd_twitter_tweets.identifier = npwd_twitter_profiles.identifier\n                 LEFT OUTER JOIN npwd_twitter_likes ON npwd_twitter_tweets.id = npwd_twitter_likes.tweet_id AND\n                                                       npwd_twitter_likes.profile_id = ?\n                 LEFT OUTER JOIN npwd_twitter_reports ON npwd_twitter_tweets.id = npwd_twitter_reports.tweet_id AND\n                                                         npwd_twitter_reports.profile_id = ?\n                 LEFT OUTER JOIN npwd_twitter_tweets AS retweets ON retweets.id = npwd_twitter_tweets.retweet\n                 LEFT OUTER JOIN npwd_twitter_profiles AS retweets_profiles\n                                 ON retweets.identifier = retweets_profiles.identifier\n        WHERE npwd_twitter_tweets.visible = 1\n        ORDER BY id DESC\n        LIMIT ? OFFSET ?\n\t\t [1,1,\"25\",\"0\"]) in 14.1705ms'","module":"DBInterface","timestamp":"2022-08-19T10:21:46.454Z"}
{"level":"silly","message":"Response Promise Event npwd:fetchTweets:220a13cb-aa85-4843-b7e9-6412faaa8d04 (22.8981ms), Data >>","module":"events","timestamp":"2022-08-19T10:21:46.454Z"}
{"level":"silly","message":{"data":[{"avatar_url":"https://i.file.glass/QrEvq.png","createdAt":"2022-08-18T22:01:39.000Z","id":1,"identifier":"EZK23790","images":"","isLiked":0,"isMine":true,"isReported":0,"isRetweet":false,"likes":0,"message":"sasa","profile_id":1,"profile_name":"Hayalet_Sar","retweetAvatarUrl":null,"retweetId":null,"retweetProfileName":null,"seconds_since_tweet":44407,"updatedAt":"2022-08-18T22:01:39.000Z","visible":1}],"status":"ok"},"module":"events","timestamp":"2022-08-19T10:21:46.454Z"}
{"level":"silly","message":"netPromise > phone:getMyProfile > RequestObj","module":"events","timestamp":"2022-08-19T10:21:46.531Z"}
{"level":"silly","message":{"data":null,"source":1},"module":"events","timestamp":"2022-08-19T10:21:46.531Z"}
{"level":"silly","message":"netPromise > npwd:fetchMessageGroups > RequestObj","module":"events","timestamp":"2022-08-19T10:21:46.532Z"}
{"level":"silly","message":{"data":null,"source":1},"module":"events","timestamp":"2022-08-19T10:21:46.532Z"}
{"level":"silly","message":"netPromise > npwd:getContacts > RequestObj","module":"events","timestamp":"2022-08-19T10:21:46.533Z"}
{"level":"silly","message":{"data":null,"source":1},"module":"events","timestamp":"2022-08-19T10:21:46.533Z"}
{"level":"info","message":"Executed query (\n        SELECT *,\n               UNIX_TIMESTAMP(updatedAt) AS lastActive\n        FROM npwd_match_profiles\n        WHERE identifier = ?\n        LIMIT 1\n\t\t [\"EZK23790\"]) in 4.4849ms'","module":"DBInterface","timestamp":"2022-08-19T10:21:46.536Z"}
{"level":"silly","message":"Response Promise Event phone:getMyProfile:1938794e-5dc6-46d8-9a15-2f6d89f82ee1 (6.0774ms), Data >>","module":"events","timestamp":"2022-08-19T10:21:46.537Z"}
{"level":"silly","message":{"data":{"bio":"","createdAt":"2022-08-18T21:58:39.000Z","id":1,"identifier":"EZK23790","image":"https://upload.wikimedia.org/wikipedia/commons/a/ac/No_image_available.svg","job":"","lastActive":1660859919,"lastActiveFormatted":"Thu, 18 Aug 2022 21:58:39 GMT","location":"","name":"Hayalet Sar","tagList":[],"tags":"","updatedAt":"2022-08-18T21:58:39.000Z","viewed":false},"status":"ok"},"module":"events","timestamp":"2022-08-19T10:21:46.538Z"}
{"level":"info","message":"Executed query (SELECT npwd_messages_conversations.id,\n                          npwd_messages_conversations.conversation_list         as conversationList,\n                          npwd_messages_participants.unread_count               as unreadCount,\n                          npwd_messages_conversations.is_group_chat             as isGroupChat,\n                          npwd_messages_conversations.label,\n                          UNIX_TIMESTAMP(npwd_messages_conversations.updatedAt) as updatedAt,\n                          npwd_messages_participants.participant\n                   FROM npwd_messages_conversations\n                            INNER JOIN npwd_messages_participants\n                                       on npwd_messages_conversations.id = npwd_messages_participants.conversation_id\n                   WHERE npwd_messages_participants.participant = ? [\"8581787919\"]) in 6.4599ms'","module":"DBInterface","timestamp":"2022-08-19T10:21:46.539Z"}
{"level":"silly","message":"Response Promise Event npwd:fetchMessageGroups:658319a5-4387-4b80-a636-2d7bff6deceb (7.0242ms), Data >>","module":"events","timestamp":"2022-08-19T10:21:46.539Z"}
{"level":"silly","message":{"data":[],"status":"ok"},"module":"events","timestamp":"2022-08-19T10:21:46.539Z"}
{"level":"info","message":"Executed query (SELECT * FROM npwd_phone_contacts WHERE identifier = ? ORDER BY display ASC [\"EZK23790\"]) in 7.9069ms'","module":"DBInterface","timestamp":"2022-08-19T10:21:46.541Z"}
{"level":"silly","message":"Response Promise Event npwd:getContacts:d89f6356-931d-4026-9482-0f539bc865a4 (8.6127ms), Data >>","module":"events","timestamp":"2022-08-19T10:21:46.541Z"}
{"level":"silly","message":{"data":[],"status":"ok"},"module":"events","timestamp":"2022-08-19T10:21:46.541Z"}
{"level":"silly","message":"netPromise > npwd:fetchCalls > RequestObj","module":"events","timestamp":"2022-08-19T10:24:24.128Z"}
{"level":"silly","message":{"data":null,"source":1},"module":"events","timestamp":"2022-08-19T10:24:24.128Z"}
{"level":"info","message":"Executed query (SELECT * FROM npwd_calls WHERE receiver = ? OR transmitter = ? ORDER BY id DESC LIMIT ? [\"8581787919\",\"8581787919\",\"50\"]) in 2.1764ms'","module":"DBInterface","timestamp":"2022-08-19T10:24:24.131Z"}
{"level":"silly","message":"Response Promise Event npwd:fetchCalls:7ac980eb-80bf-436a-b701-88825fa03f40 (3.2284ms), Data >>","module":"events","timestamp":"2022-08-19T10:24:24.131Z"}
{"level":"silly","message":{"data":[],"status":"ok"},"module":"events","timestamp":"2022-08-19T10:24:24.132Z"}
{"level":"silly","message":"netPromise > npwd:createTweet > RequestObj","module":"events","timestamp":"2022-08-19T10:24:33.741Z"}
{"level":"silly","message":{"data":{"images":"","message":"sasa","retweet":null},"source":1},"module":"events","timestamp":"2022-08-19T10:24:33.741Z"}
{"level":"info","message":"Executed query (\n        SELECT *\n        FROM npwd_twitter_profiles\n        WHERE identifier = ?\n        LIMIT 1\n\t\t [\"EZK23790\"]) in 1.3337ms'","module":"DBInterface","timestamp":"2022-08-19T10:24:33.743Z"}
{"level":"info","message":"Executed query (\n        INSERT INTO npwd_twitter_tweets (identifier, message, images, retweet, profile_id)\n        VALUES (?, ?, ?, ?, ?)\n\t\t [\"EZK23790\",\"sasa\",\"\",null,1]) in 5.3151ms'","module":"DBInterface","timestamp":"2022-08-19T10:24:33.748Z"}
{"level":"info","message":"Executed query (\n        SELECT \n  npwd_twitter_tweets.id,\n  npwd_twitter_tweets.identifier,\n  npwd_twitter_profiles.id AS profile_id,\n  npwd_twitter_profiles.profile_name,\n  npwd_twitter_profiles.avatar_url,\n  npwd_twitter_tweets.likes,\n  npwd_twitter_tweets.visible,\n  IFNULL(COALESCE(retweets.message, npwd_twitter_tweets.message), '') AS message,\n  IFNULL(COALESCE(retweets.images, npwd_twitter_tweets.images), '') AS images,\n  npwd_twitter_tweets.retweet IS NOT NULL AS isRetweet,\n  retweets.id AS retweetId,\n  retweets_profiles.profile_name AS retweetProfileName,\n  retweets_profiles.avatar_url AS retweetAvatarUrl,\n  npwd_twitter_likes.id IS NOT NULL AS isLiked,\n  npwd_twitter_reports.id IS NOT NULL AS isReported,\n  npwd_twitter_tweets.createdAt,\n  npwd_twitter_tweets.updatedAt,\n  TIME_TO_SEC(TIMEDIFF( NOW(), npwd_twitter_tweets.createdAt)) AS seconds_since_tweet\n\n        FROM npwd_twitter_tweets\n                 LEFT OUTER JOIN npwd_twitter_likes ON npwd_twitter_tweets.id = npwd_twitter_likes.tweet_id AND\n                                                       npwd_twitter_likes.profile_id = ?\n                 LEFT OUTER JOIN npwd_twitter_reports ON npwd_twitter_tweets.id = npwd_twitter_reports.tweet_id AND\n                                                         npwd_twitter_reports.profile_id = ?\n                 LEFT OUTER JOIN npwd_twitter_tweets AS retweets ON retweets.id = npwd_twitter_tweets.retweet\n                 LEFT OUTER JOIN npwd_twitter_profiles AS retweets_profiles\n                                 ON retweets.identifier = retweets_profiles.identifier\n                 LEFT OUTER JOIN npwd_twitter_profiles\n                                 ON npwd_twitter_tweets.identifier = npwd_twitter_profiles.identifier\n        WHERE npwd_twitter_tweets.id = ?\n\t\t [1,1,2]) in 2.5332ms'","module":"DBInterface","timestamp":"2022-08-19T10:24:33.751Z"}
{"level":"silly","message":"Response Promise Event npwd:createTweet:fe199456-e03f-431b-b533-85d656430c50 (10.75ms), Data >>","module":"events","timestamp":"2022-08-19T10:24:33.751Z"}
{"level":"silly","message":{"status":"ok"},"module":"events","timestamp":"2022-08-19T10:24:33.751Z"}
{"level":"silly","message":"netPromise > npwd:createTweet > RequestObj","module":"events","timestamp":"2022-08-19T10:24:56.485Z"}
{"level":"silly","message":{"data":{"images":"https://media.discordapp.net/attachments/1005948070732767264/1009954635261431948/Screenshot_20220819-013826.jpg?width=336&height=671","message":"sa","retweet":null},"source":1},"module":"events","timestamp":"2022-08-19T10:24:56.485Z"}
{"level":"silly","message":"Response Promise Event npwd:createTweet:3627c08d-f91a-4c03-b1fe-d2d5b371c3dc (0.5862ms), Data >>","module":"events","timestamp":"2022-08-19T10:24:56.486Z"}
{"level":"silly","message":{"errorMsg":"GENERIC_INVALID_IMAGE_HOST","status":"error"},"module":"events","timestamp":"2022-08-19T10:24:56.486Z"}
{"level":"silly","message":"netPromise > npwd:fetchAllNotes > RequestObj","module":"events","timestamp":"2022-08-19T10:25:30.967Z"}
{"level":"silly","message":{"data":null,"source":1},"module":"events","timestamp":"2022-08-19T10:25:30.967Z"}
{"level":"info","message":"Executed query (SELECT * FROM npwd_notes WHERE identifier = ? ORDER BY id DESC [\"EZK23790\"]) in 2.2499ms'","module":"DBInterface","timestamp":"2022-08-19T10:25:30.970Z"}
{"level":"silly","message":"Response Promise Event npwd:fetchAllNotes:a0150dce-4a1a-45b5-9316-82e1b8c2bd8b (2.9714ms), Data >>","module":"events","timestamp":"2022-08-19T10:25:30.970Z"}
{"level":"silly","message":{"data":[{"content":"sa","id":1,"identifier":"EZK23790","title":"sa"}],"status":"ok"},"module":"events","timestamp":"2022-08-19T10:25:30.970Z"}
{"level":"silly","message":"netPromise > npwd:fetchAllListings > RequestObj","module":"events","timestamp":"2022-08-19T10:25:42.352Z"}
{"level":"silly","message":{"data":null,"source":1},"module":"events","timestamp":"2022-08-19T10:25:42.352Z"}
{"level":"info","message":"Executed query (SELECT * FROM npwd_marketplace_listings WHERE reported = 0 ORDER BY id DESC []) in 1.8965ms'","module":"DBInterface","timestamp":"2022-08-19T10:25:42.354Z"}
{"level":"silly","message":"Response Promise Event npwd:fetchAllListings:3f446025-b86f-420b-a885-a8ee8271b125 (2.6542ms), Data >>","module":"events","timestamp":"2022-08-19T10:25:42.354Z"}
{"level":"silly","message":{"data":[],"status":"ok"},"module":"events","timestamp":"2022-08-19T10:25:42.355Z"}
{"level":"silly","message":"netPromise > npwd:addListing > RequestObj","module":"events","timestamp":"2022-08-19T10:25:53.570Z"}
{"level":"silly","message":{"data":{"description":"sa","title":"Sahibinden Açık hat","url":"https://media.discordapp.net/attachments/1005948070732767264/1009954635261431948/Screenshot_20220819-013826.jpg?width=336&height=671"},"source":1},"module":"events","timestamp":"2022-08-19T10:25:53.571Z"}
{"level":"debug","message":"Handling add listing, listing:","module":"marketplace","timestamp":"2022-08-19T10:25:53.571Z"}
{"level":"debug","message":{"description":"sa","title":"Sahibinden Açık hat","url":"https://media.discordapp.net/attachments/1005948070732767264/1009954635261431948/Screenshot_20220819-013826.jpg?width=336&height=671"},"module":"marketplace","timestamp":"2022-08-19T10:25:53.571Z"}
{"level":"info","message":"Executed query (SELECT * FROM npwd_marketplace_listings WHERE title = ? AND identifier = ? [\"Sahibinden Açık hat\",\"EZK23790\"]) in 1.9801ms'","module":"DBInterface","timestamp":"2022-08-19T10:25:53.574Z"}
{"level":"silly","message":"Response Promise Event npwd:addListing:f68113bb-5946-4e48-8ec4-0c7a5ba74369 (3.6711ms), Data >>","module":"events","timestamp":"2022-08-19T10:25:53.574Z"}
{"level":"silly","message":{"errorMsg":"GENERIC_INVALID_IMAGE_HOST","status":"error"},"module":"events","timestamp":"2022-08-19T10:25:53.574Z"}
{"level":"silly","message":"netPromise > npwd:addListing > RequestObj","module":"events","timestamp":"2022-08-19T10:26:20.206Z"}
{"level":"silly","message":{"data":{"description":"sa","title":"Sahibinden Açık hat","url":"https://bczl.meb.k12.tr/meb_iys_dosyalar/34/06/969693/resimler/2021_04/k_02102337_2118fbf0-51e6-477f-b6f7-175761b15217.jpg"},"source":1},"module":"events","timestamp":"2022-08-19T10:26:20.206Z"}
{"level":"debug","message":"Handling add listing, listing:","module":"marketplace","timestamp":"2022-08-19T10:26:20.207Z"}
{"level":"debug","message":{"description":"sa","title":"Sahibinden Açık hat","url":"https://bczl.meb.k12.tr/meb_iys_dosyalar/34/06/969693/resimler/2021_04/k_02102337_2118fbf0-51e6-477f-b6f7-175761b15217.jpg"},"module":"marketplace","timestamp":"2022-08-19T10:26:20.207Z"}
{"level":"info","message":"Executed query (SELECT * FROM npwd_marketplace_listings WHERE title = ? AND identifier = ? [\"Sahibinden Açık hat\",\"EZK23790\"]) in 2.2397ms'","module":"DBInterface","timestamp":"2022-08-19T10:26:20.209Z"}
{"level":"silly","message":"Response Promise Event npwd:addListing:ee977aea-b2e1-4aeb-b616-04ee202cf210 (3.0606ms), Data >>","module":"events","timestamp":"2022-08-19T10:26:20.209Z"}
{"level":"silly","message":{"errorMsg":"GENERIC_INVALID_IMAGE_HOST","status":"error"},"module":"events","timestamp":"2022-08-19T10:26:20.209Z"}
{"level":"silly","message":"netPromise > npwd:FetchPhotos > RequestObj","module":"events","timestamp":"2022-08-19T10:26:24.556Z"}
{"level":"silly","message":{"data":null,"source":1},"module":"events","timestamp":"2022-08-19T10:26:24.556Z"}
{"level":"info","message":"Executed query (SELECT id, image FROM npwd_phone_gallery WHERE identifier = ? ORDER BY id DESC [\"EZK23790\"]) in 1.3254ms'","module":"DBInterface","timestamp":"2022-08-19T10:26:24.557Z"}
{"level":"silly","message":"Response Promise Event npwd:FetchPhotos:8cfc0871-ed25-4725-ac96-66bb3152ce94 (1.9554ms), Data >>","module":"events","timestamp":"2022-08-19T10:26:24.558Z"}
{"level":"silly","message":{"data":[],"status":"ok"},"module":"events","timestamp":"2022-08-19T10:26:24.558Z"}
{"level":"silly","message":"netPromise > npwd:addListing > RequestObj","module":"events","timestamp":"2022-08-19T10:26:33.570Z"}
{"level":"silly","message":{"data":{"description":"sa","title":"Sahibinden Açık hat","url":""},"source":1},"module":"events","timestamp":"2022-08-19T10:26:33.570Z"}
{"level":"debug","message":"Handling add listing, listing:","module":"marketplace","timestamp":"2022-08-19T10:26:33.570Z"}
{"level":"debug","message":{"description":"sa","title":"Sahibinden Açık hat","url":""},"module":"marketplace","timestamp":"2022-08-19T10:26:33.570Z"}
{"level":"info","message":"Executed query (SELECT * FROM npwd_marketplace_listings WHERE title = ? AND identifier = ? [\"Sahibinden Açık hat\",\"EZK23790\"]) in 1.6184ms'","module":"DBInterface","timestamp":"2022-08-19T10:26:33.572Z"}
{"level":"info","message":"Executed query (INSERT INTO npwd_marketplace_listings (identifier, username, name, number, title, url, description) VALUES (?, ?, ?, ?, ?, ?, ?) [\"EZK23790\",\"Hayalet\",\"Hayalet Sarı\",\"8581787919\",\"Sahibinden Açık hat\",\"\",\"sa\"]) in 4.956ms'","module":"DBInterface","timestamp":"2022-08-19T10:26:33.577Z"}
{"level":"silly","message":"Response Promise Event npwd:addListing:f89dee40-9086-4af1-a11e-3f51dfaf0ea7 (7.8791ms), Data >>","module":"events","timestamp":"2022-08-19T10:26:33.578Z"}
{"level":"silly","message":{"status":"ok"},"module":"events","timestamp":"2022-08-19T10:26:33.578Z"}
{"level":"info","message":"Executed query (SELECT id FROM npwd_marketplace_listings WHERE identifier = ? [\"EZK23790\"]) in 7.3268ms'","module":"DBInterface","timestamp":"2022-08-19T10:28:12.454Z"}
{"level":"info","message":"Executed query (DELETE FROM npwd_marketplace_listings WHERE identifier = ? AND reported = 0 [\"EZK23790\"]) in 5.0799ms'","module":"DBInterface","timestamp":"2022-08-19T10:28:12.459Z"}
{"level":"info","message":"Unloaded NPWD Player, source: (1)","module":"player","timestamp":"2022-08-19T10:28:12.459Z"}
